#
# There is insufficient memory for the Java Runtime Environment to continue.
# Native memory allocation (malloc) failed to allocate 1143616 bytes for Chunk::new
# Possible reasons:
#   The system is out of physical RAM or swap space
#   The process is running with CompressedOops enabled, and the Java Heap may be blocking the growth of the native heap
# Possible solutions:
#   Reduce memory load on the system
#   Increase physical memory or swap space
#   Check if swap backing store is full
#   Decrease Java heap size (-Xmx/-Xms)
#   Decrease number of Java threads
#   Decrease Java thread stack sizes (-Xss)
#   Set larger code cache with -XX:ReservedCodeCacheSize=
#   JVM is running with Unscaled Compressed Oops mode in which the Java heap is
#     placed in the first 4GB address space. The Java Heap base address is the
#     maximum limit for the native heap growth. Please use -XX:HeapBaseMinAddress
#     to set the Java Heap base and to place the Java Heap above 4GB virtual address.
# This output file may be truncated or incomplete.
#
#  Out of Memory Error (allocation.cpp:389), pid=26312, tid=0x00000000000073e0
#
# JRE version: OpenJDK Runtime Environment (8.0_212-b04) (build 1.8.0_212-release-1586-b04)
# Java VM: OpenJDK 64-Bit Server VM (25.212-b04 mixed mode windows-amd64 compressed oops)
# Failed to write core dump. Minidumps are not enabled by default on client versions of Windows
#

---------------  T H R E A D  ---------------

Current thread (0x0000000015f05800):  JavaThread "C2 CompilerThread1" daemon [_thread_in_native, id=29664, stack(0x0000000017660000,0x0000000017760000)]

Stack: [0x0000000017660000,0x0000000017760000]
[error occurred during error reporting (printing stack bounds), id 0xc0000005]

Native frames: (J=compiled Java code, j=interpreted, Vv=VM code, C=native code)


Current CompileTask:
C2:7647114 22352 %     4       com.android.tools.r8.ir.regalloc.LinearScanRegisterAllocator::a @ 1397 (3993 bytes)


---------------  P R O C E S S  ---------------

Java Threads: ( => current thread )
  0x0000000019447000 JavaThread "WorkerExecutor Queue Thread 5" [_thread_blocked, id=30180, stack(0x0000000029630000,0x0000000029730000)]
  0x0000000019446000 JavaThread "WorkerExecutor Queue Thread 4" [_thread_in_native, id=35396, stack(0x00000000255f0000,0x00000000256f0000)]
  0x0000000019445800 JavaThread "WorkerExecutor Queue Thread 3" [_thread_in_Java, id=35752, stack(0x00000000252e0000,0x00000000253e0000)]
  0x000000001943d000 JavaThread "Cache worker for Java compile cache (D:\donationApp\.gradle\5.6.4\javaCompile)" [_thread_blocked, id=30124, stack(0x00000000251e0000,0x00000000252e0000)]
  0x0000000019444000 JavaThread "WorkerExecutor Queue Thread 2" [_thread_in_native, id=16004, stack(0x0000000024bf0000,0x0000000024cf0000)]
  0x000000001943c000 JavaThread "stdout" [_thread_in_native, id=35052, stack(0x0000000024f50000,0x0000000025050000)]
  0x0000000019443000 JavaThread "stderr" [_thread_in_native, id=15040, stack(0x0000000024e50000,0x0000000024f50000)]
  0x000000001943b800 JavaThread "pool-13-thread-1" [_thread_blocked, id=33648, stack(0x00000000250e0000,0x00000000251e0000)]
  0x000000001943a800 JavaThread "WorkerExecutor Queue" [_thread_in_native, id=35732, stack(0x0000000024d50000,0x0000000024e50000)]
  0x0000000017ba8000 JavaThread "Cache worker for execution history cache (D:\donationApp\.gradle\5.6.4\executionHistory)" [_thread_blocked, id=10652, stack(0x0000000024af0000,0x0000000024bf0000)]
  0x0000000017ba7000 JavaThread "Execution worker for ':' Thread 3" [_thread_blocked, id=35984, stack(0x00000000249f0000,0x0000000024af0000)]
  0x0000000017bae000 JavaThread "Execution worker for ':' Thread 2" [_thread_blocked, id=16568, stack(0x00000000244c0000,0x00000000245c0000)]
  0x0000000017ba5000 JavaThread "Execution worker for ':'" [_thread_blocked, id=34788, stack(0x00000000243c0000,0x00000000244c0000)]
  0x0000000017ba4000 JavaThread "Cache worker for file content cache (D:\donationApp\.gradle\5.6.4\fileContent)" [_thread_blocked, id=32584, stack(0x0000000023c70000,0x0000000023d70000)]
  0x0000000017ba6800 JavaThread "Cache worker for Build Output Cleanup Cache (D:\donationApp\.gradle\buildOutputCleanup)" [_thread_blocked, id=32336, stack(0x00000000215c0000,0x00000000216c0000)]
  0x0000000017ba5800 JavaThread "Build operations Thread 4" [_thread_blocked, id=35848, stack(0x00000000214c0000,0x00000000215c0000)]
  0x0000000017ba0000 JavaThread "Build operations Thread 3" [_thread_blocked, id=35980, stack(0x000000001ead0000,0x000000001ebd0000)]
  0x0000000017b9e800 JavaThread "Build operations Thread 2" [_thread_blocked, id=24612, stack(0x000000001e340000,0x000000001e440000)]
  0x0000000017ba3800 JavaThread "Build operations" [_thread_blocked, id=11124, stack(0x000000001e240000,0x000000001e340000)]
  0x0000000020616000 JavaThread "Cache worker for cache directory md-rule (C:\Users\Bruno\.gradle\caches\5.6.4\md-rule)" [_thread_blocked, id=27104, stack(0x000000001b7a0000,0x000000001b8a0000)]
  0x0000000020615800 JavaThread "Cache worker for cache directory md-supplier (C:\Users\Bruno\.gradle\caches\5.6.4\md-supplier)" [_thread_blocked, id=16976, stack(0x000000001b6a0000,0x000000001b7a0000)]
  0x000000002060f800 JavaThread "Cache worker for file hash cache (D:\donationApp\.gradle\5.6.4\fileHashes)" [_thread_blocked, id=15696, stack(0x000000001b5a0000,0x000000001b6a0000)]
  0x0000000020608000 JavaThread "Thread-113" [_thread_blocked, id=36624, stack(0x000000001b4a0000,0x000000001b5a0000)]
  0x000000002060a000 JavaThread "Stdin handler" [_thread_blocked, id=36792, stack(0x000000001b3a0000,0x000000001b4a0000)]
  0x0000000020607000 JavaThread "Asynchronous log dispatcher for DefaultDaemonConnection: socket connection from /127.0.0.1:64341 to /127.0.0.1:49209" [_thread_blocked, id=35940, stack(0x000000001b0a0000,0x000000001b1a0000)]
  0x000000002060e000 JavaThread "Daemon worker Thread 5" [_thread_blocked, id=8016, stack(0x000000001afa0000,0x000000001b0a0000)]
  0x0000000020609800 JavaThread "Cancel handler" [_thread_blocked, id=32868, stack(0x0000000000950000,0x0000000000a50000)]
  0x000000002060c800 JavaThread "Handler for socket connection from /127.0.0.1:64341 to /127.0.0.1:49209" [_thread_in_native, id=15096, stack(0x0000000000850000,0x0000000000950000)]
  0x000000002060b000 JavaThread "Daemon Thread 5" [_thread_blocked, id=20412, stack(0x0000000000750000,0x0000000000850000)]
  0x0000000017ba8800 JavaThread "Cache worker for Java compile cache (C:\Users\Bruno\.gradle\caches\5.6.4\javaCompile)" [_thread_blocked, id=27228, stack(0x0000000023570000,0x0000000023670000)]
  0x000000002060d000 JavaThread "Cache worker for file content cache (C:\Users\Bruno\.gradle\caches\5.6.4\fileContent)" [_thread_blocked, id=10932, stack(0x00000000220e0000,0x00000000221e0000)]
  0x0000000019441000 JavaThread "Memory manager" [_thread_blocked, id=33500, stack(0x00000000229e0000,0x0000000022ae0000)]
  0x000000001943d800 JavaThread "Cache worker for execution history cache (C:\Users\Bruno\.gradle\caches\5.6.4\executionHistory)" [_thread_blocked, id=17008, stack(0x000000001fbf0000,0x000000001fcf0000)]
  0x000000001978d000 JavaThread "Cache worker for journal cache (C:\Users\Bruno\.gradle\caches\journal-1)" [_thread_blocked, id=23848, stack(0x000000001bca0000,0x000000001bda0000)]
  0x0000000019790800 JavaThread "File lock request listener" [_thread_in_native, id=5752, stack(0x000000001bba0000,0x000000001bca0000)]
  0x0000000019793800 JavaThread "Cache worker for file hash cache (C:\Users\Bruno\.gradle\caches\5.6.4\fileHashes)" [_thread_blocked, id=30056, stack(0x000000001b8a0000,0x000000001b9a0000)]
  0x00000000197dc800 JavaThread "Daemon periodic checks" [_thread_blocked, id=28188, stack(0x000000001aea0000,0x000000001afa0000)]
  0x00000000198a9000 JavaThread "Incoming local TCP Connector on port 64341" [_thread_in_native, id=26852, stack(0x000000001ac40000,0x000000001ad40000)]
  0x000000001978c000 JavaThread "Daemon health stats" [_thread_blocked, id=6736, stack(0x000000001a600000,0x000000001a700000)]
  0x0000000015f4e000 JavaThread "Service Thread" daemon [_thread_blocked, id=30884, stack(0x0000000017c60000,0x0000000017d60000)]
  0x0000000015f3d000 JavaThread "C1 CompilerThread2" daemon [_thread_blocked, id=28236, stack(0x0000000017760000,0x0000000017860000)]
=>0x0000000015f05800 JavaThread "C2 CompilerThread1" daemon [_thread_in_native, id=29664, stack(0x0000000017660000,0x0000000017760000)]
  0x0000000015ef5000 JavaThread "C2 CompilerThread0" daemon [_thread_in_native, id=31888, stack(0x0000000017560000,0x0000000017660000)]
  0x0000000015ef2800 JavaThread "Attach Listener" daemon [_thread_blocked, id=30340, stack(0x0000000017460000,0x0000000017560000)]
  0x0000000015ef1800 JavaThread "Signal Dispatcher" daemon [_thread_blocked, id=15604, stack(0x0000000017360000,0x0000000017460000)]
  0x000000000257b000 JavaThread "Finalizer" daemon [_thread_blocked, id=31976, stack(0x0000000017150000,0x0000000017250000)]
  0x0000000002572000 JavaThread "Reference Handler" daemon [_thread_blocked, id=15460, stack(0x0000000017050000,0x0000000017150000)]
  0x0000000002482800 JavaThread "main" [_thread_blocked, id=22352, stack(0x0000000002360000,0x0000000002460000)]

Other Threads:
  0x0000000015eb6800 VMThread [stack: 0x0000000016f50000,0x0000000017050000] [id=31248]
  0x0000000017894000 WatcherThread [stack: 0x0000000017d60000,0x0000000017e60000] [id=4864]

VM state:not at safepoint (normal execution)

VM Mutex/Monitor currently owned by a thread: None

heap address: 0x00000000a0000000, size: 1536 MB, Compressed Oops mode: 32-bit
Narrow klass base: 0x0000000000000000, Narrow klass shift: 3
Compressed class space size: 1073741824 Address: 0x0000000100000000

Heap:
 PSYoungGen      total 282624K, used 189377K [0x00000000e0000000, 0x00000000f3f80000, 0x0000000100000000)
  eden space 246272K, 66% used [0x00000000e0000000,0x00000000e9f2de38,0x00000000ef080000)
  from space 36352K, 72% used [0x00000000f1c00000,0x00000000f35c27c8,0x00000000f3f80000)
  to   space 40448K, 0% used [0x00000000ef080000,0x00000000ef080000,0x00000000f1800000)
 ParOldGen       total 359424K, used 84873K [0x00000000a0000000, 0x00000000b5f00000, 0x00000000e0000000)
  object space 359424K, 23% used [0x00000000a0000000,0x00000000a52e27d0,0x00000000b5f00000)
 Metaspace       used 104070K, capacity 109166K, committed 109336K, reserved 1144832K
  class space    used 13342K, capacity 14368K, committed 14376K, reserved 1048576K

Card table byte_map: [0x0000000011940000,0x0000000011c50000] byte_map_base: 0x0000000011440000

Marking Bits: (ParMarkBitMap*) 0x00000000668a9f30
 Begin Bits: [0x0000000012250000, 0x0000000013a50000)
 End Bits:   [0x0000000013a50000, 0x0000000015250000)

Polling page: 0x0000000000a70000

CodeCache: size=245760Kb used=64406Kb max_used=64409Kb free=181353Kb
 bounds [0x0000000002580000, 0x00000000064c0000, 0x0000000011580000]
 total_blobs=19032 nmethods=18089 adapters=850
 compilation: enabled

Compilation events (10 events):
Event: 7647.014 Thread 0x0000000015f3d000 22369       2       java.util.HashMap$TreeNode::tieBreakOrder (49 bytes)
Event: 7647.014 Thread 0x0000000015f3d000 nmethod 22369 0x00000000064a6a50 code [0x00000000064a6be0, 0x00000000064a6e88]
Event: 7647.021 Thread 0x0000000015f3d000 22370       2       com.android.tools.r8.u.b.T::h (105 bytes)
Event: 7647.022 Thread 0x0000000015f3d000 nmethod 22370 0x00000000064a58d0 code [0x00000000064a5b00, 0x00000000064a62b8]
Event: 7647.022 Thread 0x0000000015f3d000 22371       2       java.util.stream.SliceOps::makeRef (51 bytes)
Event: 7647.022 Thread 0x0000000015f3d000 nmethod 22371 0x00000000064a4f10 code [0x00000000064a50c0, 0x00000000064a5588]
Event: 7647.025 Thread 0x0000000015f3d000 22373       2       com.android.tools.r8.u.b.l$d::doHash (49 bytes)
Event: 7647.026 Thread 0x0000000015f3d000 nmethod 22373 0x00000000064a4910 code [0x00000000064a4aa0, 0x00000000064a4d68]
Event: 7647.063 Thread 0x0000000015f3d000 22375       1       com.android.tools.r8.ir.analysis.type.f::s (2 bytes)
Event: 7647.063 Thread 0x0000000015f3d000 nmethod 22375 0x00000000064a4650 code [0x00000000064a47a0, 0x00000000064a48b0]

GC Heap History (10 events):
Event: 330.388 GC heap before
{Heap before GC invocations=18 (full 4):
 PSYoungGen      total 269312K, used 35297K [0x00000000e0000000, 0x00000000f3800000, 0x0000000100000000)
  eden space 233984K, 0% used [0x00000000e0000000,0x00000000e0000000,0x00000000ee480000)
  from space 35328K, 99% used [0x00000000f0c00000,0x00000000f2e786e8,0x00000000f2e80000)
  to   space 40448K, 0% used [0x00000000ee480000,0x00000000ee480000,0x00000000f0c00000)
 ParOldGen       total 216064K, used 89517K [0x00000000a0000000, 0x00000000ad300000, 0x00000000e0000000)
  object space 216064K, 41% used [0x00000000a0000000,0x00000000a576b5c0,0x00000000ad300000)
 Metaspace       used 94531K, capacity 98534K, committed 98600K, reserved 1134592K
  class space    used 12315K, capacity 13197K, committed 13224K, reserved 1048576K
Event: 330.638 GC heap after
Heap after GC invocations=18 (full 4):
 PSYoungGen      total 269312K, used 0K [0x00000000e0000000, 0x00000000f3800000, 0x0000000100000000)
  eden space 233984K, 0% used [0x00000000e0000000,0x00000000e0000000,0x00000000ee480000)
  from space 35328K, 0% used [0x00000000f0c00000,0x00000000f0c00000,0x00000000f2e80000)
  to   space 40448K, 0% used [0x00000000ee480000,0x00000000ee480000,0x00000000f0c00000)
 ParOldGen       total 359424K, used 84841K [0x00000000a0000000, 0x00000000b5f00000, 0x00000000e0000000)
  object space 359424K, 23% used [0x00000000a0000000,0x00000000a52da7d0,0x00000000b5f00000)
 Metaspace       used 94291K, capacity 97876K, committed 98600K, reserved 1134592K
  class space    used 12234K, capacity 13054K, committed 13224K, reserved 1048576K
}
Event: 334.506 GC heap before
{Heap before GC invocations=19 (full 4):
 PSYoungGen      total 269312K, used 233984K [0x00000000e0000000, 0x00000000f3800000, 0x0000000100000000)
  eden space 233984K, 100% used [0x00000000e0000000,0x00000000ee480000,0x00000000ee480000)
  from space 35328K, 0% used [0x00000000f0c00000,0x00000000f0c00000,0x00000000f2e80000)
  to   space 40448K, 0% used [0x00000000ee480000,0x00000000ee480000,0x00000000f0c00000)
 ParOldGen       total 359424K, used 84841K [0x00000000a0000000, 0x00000000b5f00000, 0x00000000e0000000)
  object space 359424K, 23% used [0x00000000a0000000,0x00000000a52da7d0,0x00000000b5f00000)
 Metaspace       used 100964K, capacity 105398K, committed 105496K, reserved 1140736K
  class space    used 13107K, capacity 14033K, committed 14120K, reserved 1048576K
Event: 334.525 GC heap after
Heap after GC invocations=19 (full 4):
 PSYoungGen      total 274432K, used 7247K [0x00000000e0000000, 0x00000000f5180000, 0x0000000100000000)
  eden space 233984K, 0% used [0x00000000e0000000,0x00000000e0000000,0x00000000ee480000)
  from space 40448K, 17% used [0x00000000ee480000,0x00000000eeb93f70,0x00000000f0c00000)
  to   space 40448K, 0% used [0x00000000f2a00000,0x00000000f2a00000,0x00000000f5180000)
 ParOldGen       total 359424K, used 84849K [0x00000000a0000000, 0x00000000b5f00000, 0x00000000e0000000)
  object space 359424K, 23% used [0x00000000a0000000,0x00000000a52dc7d0,0x00000000b5f00000)
 Metaspace       used 100964K, capacity 105398K, committed 105496K, reserved 1140736K
  class space    used 13107K, capacity 14033K, committed 14120K, reserved 1048576K
}
Event: 496.232 GC heap before
{Heap before GC invocations=20 (full 4):
 PSYoungGen      total 274432K, used 241231K [0x00000000e0000000, 0x00000000f5180000, 0x0000000100000000)
  eden space 233984K, 100% used [0x00000000e0000000,0x00000000ee480000,0x00000000ee480000)
  from space 40448K, 17% used [0x00000000ee480000,0x00000000eeb93f70,0x00000000f0c00000)
  to   space 40448K, 0% used [0x00000000f2a00000,0x00000000f2a00000,0x00000000f5180000)
 ParOldGen       total 359424K, used 84849K [0x00000000a0000000, 0x00000000b5f00000, 0x00000000e0000000)
  object space 359424K, 23% used [0x00000000a0000000,0x00000000a52dc7d0,0x00000000b5f00000)
 Metaspace       used 101403K, capacity 105906K, committed 106008K, reserved 1140736K
  class space    used 13121K, capacity 14053K, committed 14120K, reserved 1048576K
Event: 496.246 GC heap after
Heap after GC invocations=20 (full 4):
 PSYoungGen      total 289792K, used 10963K [0x00000000e0000000, 0x00000000f4880000, 0x0000000100000000)
  eden space 258560K, 0% used [0x00000000e0000000,0x00000000e0000000,0x00000000efc80000)
  from space 31232K, 35% used [0x00000000f2a00000,0x00000000f34b4de8,0x00000000f4880000)
  to   space 38912K, 0% used [0x00000000efc80000,0x00000000efc80000,0x00000000f2280000)
 ParOldGen       total 359424K, used 84857K [0x00000000a0000000, 0x00000000b5f00000, 0x00000000e0000000)
  object space 359424K, 23% used [0x00000000a0000000,0x00000000a52de7d0,0x00000000b5f00000)
 Metaspace       used 101403K, capacity 105906K, committed 106008K, reserved 1140736K
  class space    used 13121K, capacity 14053K, committed 14120K, reserved 1048576K
}
Event: 5698.997 GC heap before
{Heap before GC invocations=21 (full 4):
 PSYoungGen      total 289792K, used 269523K [0x00000000e0000000, 0x00000000f4880000, 0x0000000100000000)
  eden space 258560K, 100% used [0x00000000e0000000,0x00000000efc80000,0x00000000efc80000)
  from space 31232K, 35% used [0x00000000f2a00000,0x00000000f34b4de8,0x00000000f4880000)
  to   space 38912K, 0% used [0x00000000efc80000,0x00000000efc80000,0x00000000f2280000)
 ParOldGen       total 359424K, used 84857K [0x00000000a0000000, 0x00000000b5f00000, 0x00000000e0000000)
  object space 359424K, 23% used [0x00000000a0000000,0x00000000a52de7d0,0x00000000b5f00000)
 Metaspace       used 103283K, capacity 108222K, committed 108312K, reserved 1142784K
  class space    used 13323K, capacity 14336K, committed 14376K, reserved 1048576K
Event: 5699.093 GC heap after
Heap after GC invocations=21 (full 4):
 PSYoungGen      total 259072K, used 6475K [0x00000000e0000000, 0x00000000f4180000, 0x0000000100000000)
  eden space 252416K, 0% used [0x00000000e0000000,0x00000000e0000000,0x00000000ef680000)
  from space 6656K, 97% used [0x00000000efc80000,0x00000000f02d2f48,0x00000000f0300000)
  to   space 38400K, 0% used [0x00000000f1c00000,0x00000000f1c00000,0x00000000f4180000)
 ParOldGen       total 359424K, used 84865K [0x00000000a0000000, 0x00000000b5f00000, 0x00000000e0000000)
  object space 359424K, 23% used [0x00000000a0000000,0x00000000a52e07d0,0x00000000b5f00000)
 Metaspace       used 103283K, capacity 108222K, committed 108312K, reserved 1142784K
  class space    used 13323K, capacity 14336K, committed 14376K, reserved 1048576K
}
Event: 7644.446 GC heap before
{Heap before GC invocations=22 (full 4):
 PSYoungGen      total 259072K, used 258891K [0x00000000e0000000, 0x00000000f4180000, 0x0000000100000000)
  eden space 252416K, 100% used [0x00000000e0000000,0x00000000ef680000,0x00000000ef680000)
  from space 6656K, 97% used [0x00000000efc80000,0x00000000f02d2f48,0x00000000f0300000)
  to   space 38400K, 0% used [0x00000000f1c00000,0x00000000f1c00000,0x00000000f4180000)
 ParOldGen       total 359424K, used 84865K [0x00000000a0000000, 0x00000000b5f00000, 0x00000000e0000000)
  object space 359424K, 23% used [0x00000000a0000000,0x00000000a52e07d0,0x00000000b5f00000)
 Metaspace       used 103737K, capacity 108862K, committed 109080K, reserved 1144832K
  class space    used 13341K, capacity 14368K, committed 14376K, reserved 1048576K
Event: 7644.486 GC heap after
Heap after GC invocations=22 (full 4):
 PSYoungGen      total 282624K, used 26377K [0x00000000e0000000, 0x00000000f3f80000, 0x0000000100000000)
  eden space 246272K, 0% used [0x00000000e0000000,0x00000000e0000000,0x00000000ef080000)
  from space 36352K, 72% used [0x00000000f1c00000,0x00000000f35c27c8,0x00000000f3f80000)
  to   space 40448K, 0% used [0x00000000ef080000,0x00000000ef080000,0x00000000f1800000)
 ParOldGen       total 359424K, used 84873K [0x00000000a0000000, 0x00000000b5f00000, 0x00000000e0000000)
  object space 359424K, 23% used [0x00000000a0000000,0x00000000a52e27d0,0x00000000b5f00000)
 Metaspace       used 103737K, capacity 108862K, committed 109080K, reserved 1144832K
  class space    used 13341K, capacity 14368K, committed 14376K, reserved 1048576K
}

Deoptimization events (10 events):
Event: 7644.998 Thread 0x000000002060e000 Uncommon trap: reason=class_check action=maybe_recompile pc=0x000000000276a020 method=java.lang.String.equals(Ljava/lang/Object;)Z @ 8
Event: 7644.998 Thread 0x000000002060e000 Uncommon trap: reason=class_check action=maybe_recompile pc=0x000000000276a020 method=java.lang.String.equals(Ljava/lang/Object;)Z @ 8
Event: 7645.114 Thread 0x000000002060e000 Uncommon trap: reason=speculate_class_check action=maybe_recompile pc=0x0000000004b48994 method=com.sun.tools.javac.code.Type.hasTag(Lcom/sun/tools/javac/code/TypeTag;)Z @ 2
Event: 7645.324 Thread 0x000000002060e000 Uncommon trap: reason=class_check action=maybe_recompile pc=0x0000000004ebf01c method=com.sun.tools.javac.comp.Attr.checkIdInternal(Lcom/sun/tools/javac/tree/JCTree;Lcom/sun/tools/javac/code/Type;Lcom/sun/tools/javac/code/Symbol;Lcom/sun/tools/javac/code/
Event: 7645.324 Thread 0x000000002060e000 Uncommon trap: reason=class_check action=maybe_recompile pc=0x0000000004ebf01c method=com.sun.tools.javac.comp.Attr.checkIdInternal(Lcom/sun/tools/javac/tree/JCTree;Lcom/sun/tools/javac/code/Type;Lcom/sun/tools/javac/code/Symbol;Lcom/sun/tools/javac/code/
Event: 7645.806 Thread 0x000000002060e000 Uncommon trap: reason=predicate action=maybe_recompile pc=0x0000000005ddcbd8 method=java.util.Arrays.fill([Ljava/lang/Object;IILjava/lang/Object;)V @ 16
Event: 7645.923 Thread 0x0000000019445800 Uncommon trap: reason=unstable_if action=reinterpret pc=0x000000000462d290 method=com.android.tools.r8.graph.s0$c.a()V @ 300
Event: 7646.059 Thread 0x0000000019446000 Uncommon trap: reason=array_check action=maybe_recompile pc=0x00000000041a19ec method=java.util.TimSort.reverseRange([Ljava/lang/Object;II)V @ 27
Event: 7646.163 Thread 0x0000000019444000 Uncommon trap: reason=null_check action=make_not_entrant pc=0x000000000586b5a4 method=com.android.tools.r8.graph.A0.b(Lcom/android/tools/r8/graph/e0;)Lcom/android/tools/r8/graph/a0; @ 51
Event: 7646.577 Thread 0x0000000019445800 Uncommon trap: reason=null_check action=make_not_entrant pc=0x000000000643f65c method=com.android.tools.r8.u.c.o.a(II)Lcom/android/tools/r8/graph/r; @ 14

Classes redefined (0 events):
No events

Internal exceptions (10 events):
Event: 7643.330 Thread 0x000000002060e000 Implicit null exception at 0x0000000004d222d1 to 0x0000000004d2267d
Event: 7644.490 Thread 0x000000002060e000 Implicit null exception at 0x0000000004a7efc0 to 0x0000000004a7f6ad
Event: 7645.836 Thread 0x0000000019445800 Exception <a 'sun/nio/fs/WindowsException'> (0x00000000e3890498) thrown at [D:\src\AOSP-openjdk-cygwin\jdk8u\hotspot\src\share\vm\prims\jni.cpp, line 710]
Event: 7645.844 Thread 0x0000000019446000 Exception <a 'sun/nio/fs/WindowsException'> (0x00000000e3ccdca8) thrown at [D:\src\AOSP-openjdk-cygwin\jdk8u\hotspot\src\share\vm\prims\jni.cpp, line 710]
Event: 7646.060 Thread 0x0000000019446000 Exception <a 'sun/nio/fs/WindowsException'> (0x00000000e6bfaca0) thrown at [D:\src\AOSP-openjdk-cygwin\jdk8u\hotspot\src\share\vm\prims\jni.cpp, line 710]
Event: 7646.163 Thread 0x0000000019444000 Implicit null exception at 0x000000000586afb8 to 0x000000000586b599
Event: 7646.446 Thread 0x0000000019446000 Exception <a 'sun/nio/fs/WindowsException'> (0x00000000e6c070e8) thrown at [D:\src\AOSP-openjdk-cygwin\jdk8u\hotspot\src\share\vm\prims\jni.cpp, line 710]
Event: 7646.575 Thread 0x0000000019446000 Exception <a 'sun/nio/fs/WindowsException'> (0x00000000e6c11bb8) thrown at [D:\src\AOSP-openjdk-cygwin\jdk8u\hotspot\src\share\vm\prims\jni.cpp, line 710]
Event: 7646.577 Thread 0x0000000019445800 Implicit null exception at 0x000000000643b3fc to 0x000000000643f63d
Event: 7646.692 Thread 0x0000000019446000 Exception <a 'sun/nio/fs/WindowsException'> (0x00000000e92659e8) thrown at [D:\src\AOSP-openjdk-cygwin\jdk8u\hotspot\src\share\vm\prims\jni.cpp, line 710]

Events (10 events):
Event: 7646.424 Thread 0x000000001943a800 DEOPT UNPACKING pc=0x00000000025c75d0 sp=0x0000000024e4d3e8 mode 0
Event: 7646.426 Thread 0x000000001943a800 DEOPT PACKING pc=0x0000000005ab5846 sp=0x0000000024e4d690
Event: 7646.426 Thread 0x000000001943a800 DEOPT UNPACKING pc=0x00000000025c75d0 sp=0x0000000024e4d408 mode 0
Event: 7646.577 Thread 0x0000000019445800 Uncommon trap: trap_request=0xfffffff4 fr.pc=0x000000000643f65c
Event: 7646.577 Thread 0x0000000019445800 DEOPT PACKING pc=0x000000000643f65c sp=0x00000000253dd0c0
Event: 7646.577 Thread 0x0000000019445800 DEOPT UNPACKING pc=0x00000000025c557b sp=0x00000000253dd0f0 mode 2
Event: 7646.769 Thread 0x0000000019445800 DEOPT PACKING pc=0x000000000549bb4c sp=0x00000000253dcfd0
Event: 7646.769 Thread 0x0000000019445800 DEOPT UNPACKING pc=0x00000000025c75d0 sp=0x00000000253dcd58 mode 0
Event: 7646.778 Executing VM operation: ForceSafepoint
Event: 7646.779 Executing VM operation: ForceSafepoint done


Dynamic libraries:
0x00007ff65d4b0000 - 0x00007ff65d4e1000 	D:\AndroidStudio\jre\bin\java.exe
0x00007fff18ae0000 - 0x00007fff18cd0000 	C:\Windows\SYSTEM32\ntdll.dll
0x00007fff16b90000 - 0x00007fff16c42000 	C:\Windows\System32\KERNEL32.DLL
0x00007fff16680000 - 0x00007fff16924000 	C:\Windows\System32\KERNELBASE.dll
0x00007fff184e0000 - 0x00007fff18583000 	C:\Windows\System32\ADVAPI32.dll
0x00007fff183b0000 - 0x00007fff1844e000 	C:\Windows\System32\msvcrt.dll
0x00007fff18590000 - 0x00007fff18627000 	C:\Windows\System32\sechost.dll
0x00007fff17ea0000 - 0x00007fff17fc0000 	C:\Windows\System32\RPCRT4.dll
0x00007fff18840000 - 0x00007fff189d4000 	C:\Windows\System32\USER32.dll
0x00007fff16a10000 - 0x00007fff16a31000 	C:\Windows\System32\win32u.dll
0x00007fff17d40000 - 0x00007fff17d66000 	C:\Windows\System32\GDI32.dll
0x00007fff164e0000 - 0x00007fff16674000 	C:\Windows\System32\gdi32full.dll
0x00007fff15b60000 - 0x00007fff15bfe000 	C:\Windows\System32\msvcp_win.dll
0x00007fff15c00000 - 0x00007fff15cfa000 	C:\Windows\System32\ucrtbase.dll
0x00007fff067e0000 - 0x00007fff06a64000 	C:\Windows\WinSxS\amd64_microsoft.windows.common-controls_6595b64144ccf1df_6.0.18362.836_none_e6c4b943130f18ed\COMCTL32.dll
0x00007fff17a00000 - 0x00007fff17d36000 	C:\Windows\System32\combase.dll
0x00007fff15a70000 - 0x00007fff15af0000 	C:\Windows\System32\bcryptPrimitives.dll
0x00007fff17fc0000 - 0x00007fff17fee000 	C:\Windows\System32\IMM32.DLL
0x0000000065f20000 - 0x0000000065ff2000 	D:\AndroidStudio\jre\jre\bin\msvcr100.dll
0x00000000660e0000 - 0x0000000066926000 	D:\AndroidStudio\jre\jre\bin\server\jvm.dll
0x00007fff17e90000 - 0x00007fff17e98000 	C:\Windows\System32\PSAPI.DLL
0x00007fff13a40000 - 0x00007fff13a64000 	C:\Windows\SYSTEM32\WINMM.dll
0x00007fff10c70000 - 0x00007fff10c7a000 	C:\Windows\SYSTEM32\VERSION.dll
0x00007fff06ff0000 - 0x00007fff06ff9000 	C:\Windows\SYSTEM32\WSOCK32.dll
0x00007fff13910000 - 0x00007fff1393d000 	C:\Windows\SYSTEM32\WINMMBASE.dll
0x00007fff17e20000 - 0x00007fff17e8f000 	C:\Windows\System32\WS2_32.dll
0x00007fff15b10000 - 0x00007fff15b5a000 	C:\Windows\System32\cfgmgr32.dll
0x00007fff054e0000 - 0x00007fff054ef000 	D:\AndroidStudio\jre\jre\bin\verify.dll
0x00007ffef9a20000 - 0x00007ffef9a49000 	D:\AndroidStudio\jre\jre\bin\java.dll
0x00007ffefbde0000 - 0x00007ffefbdf6000 	D:\AndroidStudio\jre\jre\bin\zip.dll
0x00007fff16ea0000 - 0x00007fff17584000 	C:\Windows\System32\SHELL32.dll
0x00007fff17d70000 - 0x00007fff17e19000 	C:\Windows\System32\shcore.dll
0x00007fff15d00000 - 0x00007fff1647e000 	C:\Windows\System32\windows.storage.dll
0x00007fff15a20000 - 0x00007fff15a43000 	C:\Windows\System32\profapi.dll
0x00007fff159d0000 - 0x00007fff15a1a000 	C:\Windows\System32\powrprof.dll
0x00007fff159a0000 - 0x00007fff159b0000 	C:\Windows\System32\UMPDC.dll
0x00007fff186a0000 - 0x00007fff186f2000 	C:\Windows\System32\shlwapi.dll
0x00007fff15a50000 - 0x00007fff15a61000 	C:\Windows\System32\kernel.appcore.dll
0x00007fff15af0000 - 0x00007fff15b07000 	C:\Windows\System32\cryptsp.dll
0x00007ffefaa10000 - 0x00007ffefaa2a000 	D:\AndroidStudio\jre\jre\bin\net.dll
0x00007fff0c6a0000 - 0x00007fff0c876000 	C:\Windows\SYSTEM32\urlmon.dll
0x00007fff0c3f0000 - 0x00007fff0c696000 	C:\Windows\SYSTEM32\iertutil.dll
0x00007fff153e0000 - 0x00007fff153ec000 	C:\Windows\SYSTEM32\CRYPTBASE.DLL
0x00007fff15210000 - 0x00007fff15277000 	C:\Windows\system32\mswsock.dll
0x00007ffef70b0000 - 0x00007ffef70c3000 	D:\AndroidStudio\jre\jre\bin\nio.dll
0x00007ffed6a10000 - 0x00007ffed6a36000 	C:\Users\Bruno\.gradle\native\30\windows-amd64\native-platform.dll
0x00007fff05490000 - 0x00007fff0549d000 	D:\AndroidStudio\jre\jre\bin\management.dll
0x00007fff14d80000 - 0x00007fff14db3000 	C:\Windows\system32\rsaenh.dll
0x00007fff16930000 - 0x00007fff16956000 	C:\Windows\System32\bcrypt.dll
0x00007fff158c0000 - 0x00007fff158e5000 	C:\Windows\SYSTEM32\USERENV.dll
0x00007fff14f20000 - 0x00007fff14f5a000 	C:\Windows\SYSTEM32\IPHLPAPI.DLL
0x00007fff18450000 - 0x00007fff18458000 	C:\Windows\System32\NSI.dll
0x00007fff10810000 - 0x00007fff10826000 	C:\Windows\SYSTEM32\dhcpcsvc6.DLL
0x00007fff106a0000 - 0x00007fff106bc000 	C:\Windows\SYSTEM32\dhcpcsvc.DLL
0x00007fff14f60000 - 0x00007fff1502b000 	C:\Windows\SYSTEM32\DNSAPI.dll
0x00007ffef5ec0000 - 0x00007ffef5ee4000 	D:\AndroidStudio\jre\jre\bin\sunec.dll
0x00007fff0fbe0000 - 0x00007fff0fbea000 	C:\Windows\System32\rasadhlp.dll
0x00007fff10050000 - 0x00007fff100c7000 	C:\Windows\System32\fwpuclnt.dll
0x00007fff048a0000 - 0x00007fff048ab000 	D:\AndroidStudio\jre\jre\bin\sunmscapi.dll
0x00007fff16a40000 - 0x00007fff16b89000 	C:\Windows\System32\CRYPT32.dll
0x00007fff159b0000 - 0x00007fff159c2000 	C:\Windows\System32\MSASN1.dll

VM Arguments:
jvm_args: -Xmx1536m -Dfile.encoding=windows-1252 -Duser.country=BR -Duser.language=pt -Duser.variant 
java_command: org.gradle.launcher.daemon.bootstrap.GradleDaemon 5.6.4
java_class_path (initial): C:\Users\Bruno\.gradle\wrapper\dists\gradle-5.6.4-all\ankdp27end7byghfw1q2sw75f\gradle-5.6.4\lib\gradle-launcher-5.6.4.jar
Launcher Type: SUN_STANDARD

Environment Variables:
PATH=C:\Program Files (x86)\Common Files\Oracle\Java\javapath;C:\Windows\system32;C:\Windows;C:\Windows\System32\Wbem;C:\Windows\System32\WindowsPowerShell\v1.0\;C:\Windows\System32\OpenSSH\;D:\Git\cmd;C:\Users\Bruno\AppData\Local\Microsoft\WindowsApps;;D:\Microsoft VS Code\bin
USERNAME=Bruno
OS=Windows_NT
PROCESSOR_IDENTIFIER=Intel64 Family 6 Model 158 Stepping 9, GenuineIntel



---------------  S Y S T E M  ---------------

OS: Windows 10.0 , 64 bit Build 18362 (10.0.18362.778)

CPU:total 4 (initial active 4) (4 cores per cpu, 1 threads per core) family 6 model 158 stepping 9, cmov, cx8, fxsr, mmx, sse, sse2, sse3, ssse3, sse4.1, sse4.2, popcnt, avx, avx2, aes, clmul, erms, 3dnowpref, lzcnt, tsc, tscinvbit, bmi1, bmi2, adx

Memory: 4k page, physical 16731524k(671996k free), swap 31309696k(6056k free)

vm_info: OpenJDK 64-Bit Server VM (25.212-b04) for windows-amd64 JRE (1.8.0_212-release-1586-b04), built by "builder" with MS VC++ 10.0 (VS2010)

time: Sat Jun 13 18:10:40 2020
timezone: Hora oficial do Brasil
elapsed time: 7647 seconds (0d 2h 7m 27s)

