#
# There is insufficient memory for the Java Runtime Environment to continue.
# Native memory allocation (malloc) failed to allocate 1131376 bytes for Chunk::new
# Possible reasons:
#   The system is out of physical RAM or swap space
#   The process is running with CompressedOops enabled, and the Java Heap may be blocking the growth of the native heap
# Possible solutions:
#   Reduce memory load on the system
#   Increase physical memory or swap space
#   Check if swap backing store is full
#   Decrease Java heap size (-Xmx/-Xms)
#   Decrease number of Java threads
#   Decrease Java thread stack sizes (-Xss)
#   Set larger code cache with -XX:ReservedCodeCacheSize=
#   JVM is running with Unscaled Compressed Oops mode in which the Java heap is
#     placed in the first 4GB address space. The Java Heap base address is the
#     maximum limit for the native heap growth. Please use -XX:HeapBaseMinAddress
#     to set the Java Heap base and to place the Java Heap above 4GB virtual address.
# This output file may be truncated or incomplete.
#
#  Out of Memory Error (allocation.cpp:389), pid=25700, tid=0x00000000000077d4
#
# JRE version: OpenJDK Runtime Environment (8.0_212-b04) (build 1.8.0_212-release-1586-b04)
# Java VM: OpenJDK 64-Bit Server VM (25.212-b04 mixed mode windows-amd64 compressed oops)
# Failed to write core dump. Minidumps are not enabled by default on client versions of Windows
#

---------------  T H R E A D  ---------------

Current thread (0x0000000016bfb000):  JavaThread "C2 CompilerThread1" daemon [_thread_in_native, id=30676, stack(0x0000000018370000,0x0000000018470000)]

Stack: [0x0000000018370000,0x0000000018470000]
[error occurred during error reporting (printing stack bounds), id 0xc0000005]

Native frames: (J=compiled Java code, j=interpreted, Vv=VM code, C=native code)


Current CompileTask:
C2:  14384 9315       4       com.android.tools.r8.graph.x::h (94 bytes)


---------------  P R O C E S S  ---------------

Java Threads: ( => current thread )
  0x0000000018cd0000 JavaThread "WorkerExecutor Queue Thread 5" [_thread_in_native, id=27816, stack(0x00000000247c0000,0x00000000248c0000)]
  0x0000000018cce000 JavaThread "WorkerExecutor Queue Thread 4" [_thread_in_Java, id=36504, stack(0x00000000246c0000,0x00000000247c0000)]
  0x0000000018ccc800 JavaThread "WorkerExecutor Queue Thread 3" [_thread_blocked, id=36204, stack(0x00000000245c0000,0x00000000246c0000)]
  0x0000000018cd1800 JavaThread "WorkerExecutor Queue Thread 2" [_thread_in_Java, id=26844, stack(0x00000000244c0000,0x00000000245c0000)]
  0x0000000018ccd000 JavaThread "WorkerExecutor Queue" [_thread_blocked, id=29424, stack(0x00000000243c0000,0x00000000244c0000)]
  0x000000001a9ed800 JavaThread "Cache worker for execution history cache (D:\donationApp\.gradle\5.6.4\executionHistory)" [_thread_blocked, id=11168, stack(0x00000000242c0000,0x00000000243c0000)]
  0x000000001a9f0800 JavaThread "Execution worker for ':' Thread 3" [_thread_blocked, id=36368, stack(0x0000000023fc0000,0x00000000240c0000)]
  0x000000001a9ea800 JavaThread "Execution worker for ':' Thread 2" [_thread_blocked, id=35080, stack(0x0000000023ec0000,0x0000000023fc0000)]
  0x000000001a9ef000 JavaThread "Execution worker for ':'" [_thread_blocked, id=35252, stack(0x0000000023b50000,0x0000000023c50000)]
  0x000000001a9ee000 JavaThread "Cache worker for file content cache (D:\donationApp\.gradle\5.6.4\fileContent)" [_thread_blocked, id=8660, stack(0x0000000023850000,0x0000000023950000)]
  0x000000001a9ec000 JavaThread "Cache worker for file content cache (C:\Users\Bruno\.gradle\caches\5.6.4\fileContent)" [_thread_blocked, id=10936, stack(0x0000000023750000,0x0000000023850000)]
  0x000000001a9e9000 JavaThread "Memory manager" [_thread_blocked, id=36816, stack(0x0000000022e20000,0x0000000022f20000)]
  0x000000001a9e1800 JavaThread "Cache worker for Build Output Cleanup Cache (D:\donationApp\.gradle\buildOutputCleanup)" [_thread_blocked, id=36588, stack(0x0000000022b20000,0x0000000022c20000)]
  0x000000001a9e8000 JavaThread "Build operations Thread 4" [_thread_blocked, id=23428, stack(0x0000000022340000,0x0000000022440000)]
  0x000000001a9e6000 JavaThread "Build operations Thread 3" [_thread_blocked, id=6036, stack(0x0000000022240000,0x0000000022340000)]
  0x000000001a9e5000 JavaThread "Build operations Thread 2" [_thread_blocked, id=36252, stack(0x0000000022140000,0x0000000022240000)]
  0x000000001a9e4800 JavaThread "Build operations" [_thread_blocked, id=35784, stack(0x0000000020fd0000,0x00000000210d0000)]
  0x000000001a9e6800 JavaThread "Cache worker for execution history cache (C:\Users\Bruno\.gradle\caches\5.6.4\executionHistory)" [_thread_blocked, id=7596, stack(0x0000000020cd0000,0x0000000020dd0000)]
  0x000000001a9e3000 JavaThread "Cache worker for cache directory md-rule (C:\Users\Bruno\.gradle\caches\5.6.4\md-rule)" [_thread_blocked, id=16560, stack(0x0000000020bd0000,0x0000000020cd0000)]
  0x000000001a9e2000 JavaThread "Cache worker for cache directory md-supplier (C:\Users\Bruno\.gradle\caches\5.6.4\md-supplier)" [_thread_blocked, id=2244, stack(0x000000001ee50000,0x000000001ef50000)]
  0x0000000016c07000 JavaThread "Cache worker for file hash cache (D:\donationApp\.gradle\5.6.4\fileHashes)" [_thread_blocked, id=5724, stack(0x000000001eb50000,0x000000001ec50000)]
  0x0000000016c0a000 JavaThread "Cache worker for journal cache (C:\Users\Bruno\.gradle\caches\journal-1)" [_thread_blocked, id=35824, stack(0x000000001c9b0000,0x000000001cab0000)]
  0x0000000016c0b800 JavaThread "File lock request listener" [_thread_in_native, id=33692, stack(0x000000001c8b0000,0x000000001c9b0000)]
  0x0000000016c08000 JavaThread "Cache worker for file hash cache (C:\Users\Bruno\.gradle\caches\5.6.4\fileHashes)" [_thread_blocked, id=35024, stack(0x000000001c5b0000,0x000000001c6b0000)]
  0x000000001a490800 JavaThread "Thread-9" [_thread_blocked, id=36812, stack(0x000000001c4b0000,0x000000001c5b0000)]
  0x000000001a490000 JavaThread "Stdin handler" [_thread_blocked, id=36132, stack(0x000000001c3b0000,0x000000001c4b0000)]
  0x000000001a480000 JavaThread "Asynchronous log dispatcher for DefaultDaemonConnection: socket connection from /127.0.0.1:49246 to /127.0.0.1:49247" [_thread_blocked, id=14244, stack(0x000000001c2b0000,0x000000001c3b0000)]
  0x000000001a47c800 JavaThread "Daemon worker" [_thread_blocked, id=11744, stack(0x000000001c1b0000,0x000000001c2b0000)]
  0x000000001a47a800 JavaThread "Cancel handler" [_thread_blocked, id=31780, stack(0x000000001c0b0000,0x000000001c1b0000)]
  0x000000001a4f8000 JavaThread "Handler for socket connection from /127.0.0.1:49246 to /127.0.0.1:49247" [_thread_in_native, id=36180, stack(0x000000001bdb0000,0x000000001beb0000)]
  0x000000001a469000 JavaThread "Daemon" [_thread_blocked, id=30268, stack(0x000000001bcb0000,0x000000001bdb0000)]
  0x000000001a4ee800 JavaThread "Daemon periodic checks" [_thread_blocked, id=31976, stack(0x000000001bbb0000,0x000000001bcb0000)]
  0x000000001a4dd000 JavaThread "Incoming local TCP Connector on port 49246" [_thread_in_native, id=36224, stack(0x000000001b950000,0x000000001ba50000)]
  0x000000001a3fa800 JavaThread "Daemon health stats" [_thread_blocked, id=35848, stack(0x000000001b310000,0x000000001b410000)]
  0x0000000016c4e800 JavaThread "Service Thread" daemon [_thread_blocked, id=10960, stack(0x0000000018970000,0x0000000018a70000)]
  0x0000000016c09800 JavaThread "C1 CompilerThread2" daemon [_thread_blocked, id=5776, stack(0x0000000018470000,0x0000000018570000)]
=>0x0000000016bfb000 JavaThread "C2 CompilerThread1" daemon [_thread_in_native, id=30676, stack(0x0000000018370000,0x0000000018470000)]
  0x0000000016bf4800 JavaThread "C2 CompilerThread0" daemon [_thread_in_native, id=30620, stack(0x0000000018270000,0x0000000018370000)]
  0x0000000016bf1800 JavaThread "Attach Listener" daemon [_thread_blocked, id=31052, stack(0x0000000018170000,0x0000000018270000)]
  0x0000000016bf0800 JavaThread "Signal Dispatcher" daemon [_thread_blocked, id=33964, stack(0x0000000018070000,0x0000000018170000)]
  0x0000000003279800 JavaThread "Finalizer" daemon [_thread_blocked, id=36112, stack(0x0000000017e60000,0x0000000017f60000)]
  0x0000000003271000 JavaThread "Reference Handler" daemon [_thread_blocked, id=35776, stack(0x0000000017d60000,0x0000000017e60000)]
  0x0000000003182800 JavaThread "main" [_thread_blocked, id=9396, stack(0x0000000002fb0000,0x00000000030b0000)]

Other Threads:
  0x0000000016bb6000 VMThread [stack: 0x0000000017c60000,0x0000000017d60000] [id=18728]
  0x00000000185a0800 WatcherThread [stack: 0x0000000018a70000,0x0000000018b70000] [id=36220]

VM state:not at safepoint (normal execution)

VM Mutex/Monitor currently owned by a thread: None

heap address: 0x00000000a0000000, size: 1536 MB, Compressed Oops mode: 32-bit
Narrow klass base: 0x0000000000000000, Narrow klass shift: 3
Compressed class space size: 1073741824 Address: 0x0000000100000000

Heap:
 PSYoungGen      total 249344K, used 70891K [0x00000000e0000000, 0x00000000f2880000, 0x0000000100000000)
  eden space 228864K, 22% used [0x00000000e0000000,0x00000000e31423a8,0x00000000edf80000)
  from space 20480K, 99% used [0x00000000f1480000,0x00000000f2878a30,0x00000000f2880000)
  to   space 15360K, 0% used [0x00000000edf80000,0x00000000edf80000,0x00000000eee80000)
 ParOldGen       total 164864K, used 42671K [0x00000000a0000000, 0x00000000aa100000, 0x00000000e0000000)
  object space 164864K, 25% used [0x00000000a0000000,0x00000000a29abfb8,0x00000000aa100000)
 Metaspace       used 67677K, capacity 70635K, committed 70872K, reserved 1110016K
  class space    used 9266K, capacity 9901K, committed 9944K, reserved 1048576K

Card table byte_map: [0x0000000012640000,0x0000000012950000] byte_map_base: 0x0000000012140000

Marking Bits: (ParMarkBitMap*) 0x00000000668a9f30
 Begin Bits: [0x0000000012f50000, 0x0000000014750000)
 End Bits:   [0x0000000014750000, 0x0000000015f50000)

Polling page: 0x0000000001770000

CodeCache: size=245760Kb used=27043Kb max_used=27043Kb free=218716Kb
 bounds [0x0000000003280000, 0x0000000004d10000, 0x0000000012280000]
 total_blobs=9180 nmethods=8370 adapters=722
 compilation: enabled

Compilation events (10 events):
Event: 14.382 Thread 0x0000000016c09800 nmethod 9455 0x0000000004cff6d0 code [0x0000000004cff820, 0x0000000004cff930]
Event: 14.382 Thread 0x0000000016c09800 9456       2       com.android.tools.r8.s.a.a.b.W::a (43 bytes)
Event: 14.382 Thread 0x0000000016c09800 nmethod 9456 0x0000000004cff990 code [0x0000000004cffb20, 0x0000000004cffdf8]
Event: 14.383 Thread 0x0000000016c09800 9457       2       com.android.tools.r8.s.a.a.b.W::b (10 bytes)
Event: 14.383 Thread 0x0000000016c09800 nmethod 9457 0x0000000004d00010 code [0x0000000004d00180, 0x0000000004d00378]
Event: 14.383 Thread 0x0000000016c09800 9458       2       com.android.tools.r8.v.a.a.a.f.C0::isEmpty (13 bytes)
Event: 14.383 Thread 0x0000000016c09800 nmethod 9458 0x0000000004d004d0 code [0x0000000004d00620, 0x0000000004d00790]
Event: 14.383 Thread 0x0000000016c09800 9459       2       com.android.tools.r8.dex.y::a (46 bytes)
Event: 14.383 Thread 0x0000000016c09800 nmethod 9459 0x0000000004d00810 code [0x0000000004d00980, 0x0000000004d00b28]
Event: 14.383 Thread 0x0000000016c09800 9460       2       com.android.tools.r8.graph.e0::toSourceString (44 bytes)

GC Heap History (10 events):
Event: 5.877 GC heap before
{Heap before GC invocations=9 (full 2):
 PSYoungGen      total 137216K, used 9926K [0x00000000e0000000, 0x00000000efd80000, 0x0000000100000000)
  eden space 124416K, 0% used [0x00000000e0000000,0x00000000e0000000,0x00000000e7980000)
  from space 12800K, 77% used [0x00000000e7980000,0x00000000e83318f0,0x00000000e8600000)
  to   space 12800K, 0% used [0x00000000ef100000,0x00000000ef100000,0x00000000efd80000)
 ParOldGen       total 79360K, used 7232K [0x00000000a0000000, 0x00000000a4d80000, 0x00000000e0000000)
  object space 79360K, 9% used [0x00000000a0000000,0x00000000a0710058,0x00000000a4d80000)
 Metaspace       used 34528K, capacity 35380K, committed 35456K, reserved 1079296K
  class space    used 4745K, capacity 4965K, committed 4992K, reserved 1048576K
Event: 6.058 GC heap after
Heap after GC invocations=9 (full 2):
 PSYoungGen      total 137216K, used 0K [0x00000000e0000000, 0x00000000efd80000, 0x0000000100000000)
  eden space 124416K, 0% used [0x00000000e0000000,0x00000000e0000000,0x00000000e7980000)
  from space 12800K, 0% used [0x00000000e7980000,0x00000000e7980000,0x00000000e8600000)
  to   space 12800K, 0% used [0x00000000ef100000,0x00000000ef100000,0x00000000efd80000)
 ParOldGen       total 113152K, used 16723K [0x00000000a0000000, 0x00000000a6e80000, 0x00000000e0000000)
  object space 113152K, 14% used [0x00000000a0000000,0x00000000a1054ea0,0x00000000a6e80000)
 Metaspace       used 34517K, capacity 35344K, committed 35456K, reserved 1079296K
  class space    used 4742K, capacity 4959K, committed 4992K, reserved 1048576K
}
Event: 9.190 GC heap before
{Heap before GC invocations=10 (full 2):
 PSYoungGen      total 137216K, used 124416K [0x00000000e0000000, 0x00000000efd80000, 0x0000000100000000)
  eden space 124416K, 100% used [0x00000000e0000000,0x00000000e7980000,0x00000000e7980000)
  from space 12800K, 0% used [0x00000000e7980000,0x00000000e7980000,0x00000000e8600000)
  to   space 12800K, 0% used [0x00000000ef100000,0x00000000ef100000,0x00000000efd80000)
 ParOldGen       total 113152K, used 16723K [0x00000000a0000000, 0x00000000a6e80000, 0x00000000e0000000)
  object space 113152K, 14% used [0x00000000a0000000,0x00000000a1054ea0,0x00000000a6e80000)
 Metaspace       used 47335K, capacity 48520K, committed 48896K, reserved 1091584K
  class space    used 6325K, capacity 6602K, committed 6656K, reserved 1048576K
Event: 9.203 GC heap after
Heap after GC invocations=10 (full 2):
 PSYoungGen      total 210944K, used 12786K [0x00000000e0000000, 0x00000000efd80000, 0x0000000100000000)
  eden space 198144K, 0% used [0x00000000e0000000,0x00000000e0000000,0x00000000ec180000)
  from space 12800K, 99% used [0x00000000ef100000,0x00000000efd7cbb8,0x00000000efd80000)
  to   space 15360K, 0% used [0x00000000edf80000,0x00000000edf80000,0x00000000eee80000)
 ParOldGen       total 113152K, used 19973K [0x00000000a0000000, 0x00000000a6e80000, 0x00000000e0000000)
  object space 113152K, 17% used [0x00000000a0000000,0x00000000a1381710,0x00000000a6e80000)
 Metaspace       used 47335K, capacity 48520K, committed 48896K, reserved 1091584K
  class space    used 6325K, capacity 6602K, committed 6656K, reserved 1048576K
}
Event: 11.238 GC heap before
{Heap before GC invocations=11 (full 2):
 PSYoungGen      total 210944K, used 159373K [0x00000000e0000000, 0x00000000efd80000, 0x0000000100000000)
  eden space 198144K, 73% used [0x00000000e0000000,0x00000000e8f26910,0x00000000ec180000)
  from space 12800K, 99% used [0x00000000ef100000,0x00000000efd7cbb8,0x00000000efd80000)
  to   space 15360K, 0% used [0x00000000edf80000,0x00000000edf80000,0x00000000eee80000)
 ParOldGen       total 113152K, used 19973K [0x00000000a0000000, 0x00000000a6e80000, 0x00000000e0000000)
  object space 113152K, 17% used [0x00000000a0000000,0x00000000a1381710,0x00000000a6e80000)
 Metaspace       used 57073K, capacity 59047K, committed 59096K, reserved 1099776K
  class space    used 7886K, capacity 8359K, committed 8408K, reserved 1048576K
Event: 11.264 GC heap after
Heap after GC invocations=11 (full 2):
 PSYoungGen      total 244224K, used 15349K [0x00000000e0000000, 0x00000000f2880000, 0x0000000100000000)
  eden space 228864K, 0% used [0x00000000e0000000,0x00000000e0000000,0x00000000edf80000)
  from space 15360K, 99% used [0x00000000edf80000,0x00000000eee7d7b0,0x00000000eee80000)
  to   space 20480K, 0% used [0x00000000f1480000,0x00000000f1480000,0x00000000f2880000)
 ParOldGen       total 113152K, used 28377K [0x00000000a0000000, 0x00000000a6e80000, 0x00000000e0000000)
  object space 113152K, 25% used [0x00000000a0000000,0x00000000a1bb6610,0x00000000a6e80000)
 Metaspace       used 57073K, capacity 59047K, committed 59096K, reserved 1099776K
  class space    used 7886K, capacity 8359K, committed 8408K, reserved 1048576K
}
Event: 11.264 GC heap before
{Heap before GC invocations=12 (full 3):
 PSYoungGen      total 244224K, used 15349K [0x00000000e0000000, 0x00000000f2880000, 0x0000000100000000)
  eden space 228864K, 0% used [0x00000000e0000000,0x00000000e0000000,0x00000000edf80000)
  from space 15360K, 99% used [0x00000000edf80000,0x00000000eee7d7b0,0x00000000eee80000)
  to   space 20480K, 0% used [0x00000000f1480000,0x00000000f1480000,0x00000000f2880000)
 ParOldGen       total 113152K, used 28377K [0x00000000a0000000, 0x00000000a6e80000, 0x00000000e0000000)
  object space 113152K, 25% used [0x00000000a0000000,0x00000000a1bb6610,0x00000000a6e80000)
 Metaspace       used 57073K, capacity 59047K, committed 59096K, reserved 1099776K
  class space    used 7886K, capacity 8359K, committed 8408K, reserved 1048576K
Event: 11.476 GC heap after
Heap after GC invocations=12 (full 3):
 PSYoungGen      total 244224K, used 0K [0x00000000e0000000, 0x00000000f2880000, 0x0000000100000000)
  eden space 228864K, 0% used [0x00000000e0000000,0x00000000e0000000,0x00000000edf80000)
  from space 15360K, 0% used [0x00000000edf80000,0x00000000edf80000,0x00000000eee80000)
  to   space 20480K, 0% used [0x00000000f1480000,0x00000000f1480000,0x00000000f2880000)
 ParOldGen       total 164864K, used 37658K [0x00000000a0000000, 0x00000000aa100000, 0x00000000e0000000)
  object space 164864K, 22% used [0x00000000a0000000,0x00000000a24c68e8,0x00000000aa100000)
 Metaspace       used 57041K, capacity 58961K, committed 59096K, reserved 1099776K
  class space    used 7876K, capacity 8342K, committed 8408K, reserved 1048576K
}
Event: 13.743 GC heap before
{Heap before GC invocations=13 (full 3):
 PSYoungGen      total 244224K, used 228864K [0x00000000e0000000, 0x00000000f2880000, 0x0000000100000000)
  eden space 228864K, 100% used [0x00000000e0000000,0x00000000edf80000,0x00000000edf80000)
  from space 15360K, 0% used [0x00000000edf80000,0x00000000edf80000,0x00000000eee80000)
  to   space 20480K, 0% used [0x00000000f1480000,0x00000000f1480000,0x00000000f2880000)
 ParOldGen       total 164864K, used 37685K [0x00000000a0000000, 0x00000000aa100000, 0x00000000e0000000)
  object space 164864K, 22% used [0x00000000a0000000,0x00000000a24cd738,0x00000000aa100000)
 Metaspace       used 65602K, capacity 68313K, committed 68568K, reserved 1107968K
  class space    used 9050K, capacity 9608K, committed 9688K, reserved 1048576K
Event: 13.774 GC heap after
Heap after GC invocations=13 (full 3):
 PSYoungGen      total 249344K, used 20450K [0x00000000e0000000, 0x00000000f2880000, 0x0000000100000000)
  eden space 228864K, 0% used [0x00000000e0000000,0x00000000e0000000,0x00000000edf80000)
  from space 20480K, 99% used [0x00000000f1480000,0x00000000f2878a30,0x00000000f2880000)
  to   space 15360K, 0% used [0x00000000edf80000,0x00000000edf80000,0x00000000eee80000)
 ParOldGen       total 164864K, used 42671K [0x00000000a0000000, 0x00000000aa100000, 0x00000000e0000000)
  object space 164864K, 25% used [0x00000000a0000000,0x00000000a29abfb8,0x00000000aa100000)
 Metaspace       used 65602K, capacity 68313K, committed 68568K, reserved 1107968K
  class space    used 9050K, capacity 9608K, committed 9688K, reserved 1048576K
}

Deoptimization events (10 events):
Event: 14.283 Thread 0x0000000018cce000 Uncommon trap: reason=class_check action=maybe_recompile pc=0x0000000004c1fd50 method=com.android.tools.r8.B.a.a.f.a(Lcom/android/tools/r8/B/a/a/h;[Lcom/android/tools/r8/B/a/a/d;I)V @ 1343
Event: 14.283 Thread 0x0000000018cd1800 Uncommon trap: reason=array_check action=maybe_recompile pc=0x0000000004c6628c method=java.util.TimSort.binarySort([Ljava/lang/Object;IIILjava/util/Comparator;)V @ 193
Event: 14.283 Thread 0x0000000018cd1800 Uncommon trap: reason=array_check action=maybe_recompile pc=0x0000000004c6628c method=java.util.TimSort.binarySort([Ljava/lang/Object;IIILjava/util/Comparator;)V @ 193
Event: 14.283 Thread 0x0000000018cd1800 Uncommon trap: reason=array_check action=maybe_recompile pc=0x0000000004c6628c method=java.util.TimSort.binarySort([Ljava/lang/Object;IIILjava/util/Comparator;)V @ 193
Event: 14.283 Thread 0x0000000018cd1800 Uncommon trap: reason=array_check action=maybe_recompile pc=0x0000000004c6628c method=java.util.TimSort.binarySort([Ljava/lang/Object;IIILjava/util/Comparator;)V @ 193
Event: 14.284 Thread 0x0000000018cd1800 Uncommon trap: reason=array_check action=maybe_recompile pc=0x0000000004c6b028 method=java.util.TimSort.binarySort([Ljava/lang/Object;IIILjava/util/Comparator;)V @ 193
Event: 14.286 Thread 0x0000000018cd1800 Uncommon trap: reason=class_check action=maybe_recompile pc=0x0000000004c6ec80 method=java.util.TimSort.mergeHi(IIII)V @ 227
Event: 14.286 Thread 0x0000000018cce000 Uncommon trap: reason=unstable_if action=reinterpret pc=0x00000000049c8410 method=com.android.tools.r8.u.c.o.b(Lcom/android/tools/r8/r/n/z;)Z @ 18
Event: 14.286 Thread 0x0000000018cce000 Uncommon trap: reason=unstable_if action=reinterpret pc=0x0000000004bd5774 method=com.android.tools.r8.u.c.o.b(Lcom/android/tools/r8/r/n/z;)Z @ 18
Event: 14.313 Thread 0x0000000018cce000 Uncommon trap: reason=unstable_if action=reinterpret pc=0x0000000004bccf38 method=com.android.tools.r8.u.c.M.a(ILcom/android/tools/r8/u/b/j1;Lcom/android/tools/r8/u/b/l;Lcom/android/tools/r8/u/b/l$c;Lcom/android/tools/r8/u/b/M0$a;)Lcom/android/tools/r8/u/

Classes redefined (0 events):
No events

Internal exceptions (10 events):
Event: 12.797 Thread 0x000000001a47c800 Exception <a 'java/lang/NoSuchMethodError': <clinit>> (0x00000000e9a67e38) thrown at [D:\src\AOSP-openjdk-cygwin\jdk8u\hotspot\src\share\vm\prims\jni.cpp, line 1614]
Event: 12.799 Thread 0x000000001a47c800 Exception <a 'java/lang/NoSuchMethodError': <clinit>> (0x00000000e9a8a068) thrown at [D:\src\AOSP-openjdk-cygwin\jdk8u\hotspot\src\share\vm\prims\jni.cpp, line 1614]
Event: 12.842 Thread 0x0000000018cce000 Exception <a 'java/lang/NoSuchMethodError': java.lang.Object.lambda$static$0(Ljava/lang/String;)Z> (0x00000000e9f175d0) thrown at [D:\src\AOSP-openjdk-cygwin\jdk8u\hotspot\src\share\vm\interpreter\linkResolver.cpp, line 620]
Event: 12.842 Thread 0x0000000018cce000 Implicit null exception at 0x00000000046c3beb to 0x00000000046c3f98
Event: 12.916 Thread 0x0000000018cd0000 Exception <a 'sun/nio/fs/WindowsException'> (0x00000000ea315b08) thrown at [D:\src\AOSP-openjdk-cygwin\jdk8u\hotspot\src\share\vm\prims\jni.cpp, line 710]
Event: 12.941 Thread 0x0000000018cce000 Exception <a 'sun/nio/fs/WindowsException'> (0x00000000ead17560) thrown at [D:\src\AOSP-openjdk-cygwin\jdk8u\hotspot\src\share\vm\prims\jni.cpp, line 710]
Event: 13.048 Thread 0x0000000018cce000 Exception <a 'java/lang/NoSuchMethodError': java.lang.Object.lambda$identity$2(Ljava/lang/Object;)Ljava/lang/Object;> (0x00000000eaf2c178) thrown at [D:\src\AOSP-openjdk-cygwin\jdk8u\hotspot\src\share\vm\interpreter\linkResolver.cpp, line 620]
Event: 13.485 Thread 0x0000000018cce000 Exception <a 'java/lang/NoSuchMethodError': java.lang.Object.lambda$maxBy$1(Ljava/util/Comparator;Ljava/lang/Object;Ljava/lang/Object;)Ljava/lang/Object;> (0x00000000ed2b65b0) thrown at [D:\src\AOSP-openjdk-cygwin\jdk8u\hotspot\src\share\vm\interpreter\li
Event: 13.485 Thread 0x0000000018cd1800 Exception <a 'java/lang/NoSuchMethodError': java.lang.Object.lambda$maxBy$1(Ljava/util/Comparator;Ljava/lang/Object;Ljava/lang/Object;)Ljava/lang/Object;> (0x00000000ed266398) thrown at [D:\src\AOSP-openjdk-cygwin\jdk8u\hotspot\src\share\vm\interpreter\li
Event: 13.485 Thread 0x0000000018cd0000 Exception <a 'java/lang/NoSuchMethodError': java.lang.Object.lambda$maxBy$1(Ljava/util/Comparator;Ljava/lang/Object;Ljava/lang/Object;)Ljava/lang/Object;> (0x00000000ed3954c0) thrown at [D:\src\AOSP-openjdk-cygwin\jdk8u\hotspot\src\share\vm\interpreter\li

Events (10 events):
Event: 14.362 loading class com/android/tools/r8/graph/E
Event: 14.362 loading class com/android/tools/r8/graph/E done
Event: 14.362 loading class com/android/tools/r8/dex/m
Event: 14.362 loading class com/android/tools/r8/dex/m done
Event: 14.362 Thread 0x0000000016c09800 flushing nmethod 0x000000000435e310
Event: 14.362 loading class java/nio/ByteBufferAsShortBufferL
Event: 14.362 Thread 0x0000000016c09800 flushing nmethod 0x00000000044b48d0
Event: 14.363 Thread 0x0000000016c09800 flushing nmethod 0x0000000004696cd0
Event: 14.381 Thread 0x0000000018ccd000 DEOPT PACKING pc=0x00000000038e92d6 sp=0x00000000244bd6b0
Event: 14.381 Thread 0x0000000018ccd000 DEOPT UNPACKING pc=0x00000000032c75d0 sp=0x00000000244bd3d0 mode 0


Dynamic libraries:
0x00007ff65d4b0000 - 0x00007ff65d4e1000 	D:\AndroidStudio\jre\bin\java.exe
0x00007fff18ae0000 - 0x00007fff18cd0000 	C:\Windows\SYSTEM32\ntdll.dll
0x00007fff16b90000 - 0x00007fff16c42000 	C:\Windows\System32\KERNEL32.DLL
0x00007fff16680000 - 0x00007fff16924000 	C:\Windows\System32\KERNELBASE.dll
0x00007fff184e0000 - 0x00007fff18583000 	C:\Windows\System32\ADVAPI32.dll
0x00007fff183b0000 - 0x00007fff1844e000 	C:\Windows\System32\msvcrt.dll
0x00007fff18590000 - 0x00007fff18627000 	C:\Windows\System32\sechost.dll
0x00007fff17ea0000 - 0x00007fff17fc0000 	C:\Windows\System32\RPCRT4.dll
0x00007fff18840000 - 0x00007fff189d4000 	C:\Windows\System32\USER32.dll
0x00007fff16a10000 - 0x00007fff16a31000 	C:\Windows\System32\win32u.dll
0x00007fff17d40000 - 0x00007fff17d66000 	C:\Windows\System32\GDI32.dll
0x00007fff164e0000 - 0x00007fff16674000 	C:\Windows\System32\gdi32full.dll
0x00007fff15b60000 - 0x00007fff15bfe000 	C:\Windows\System32\msvcp_win.dll
0x00007fff15c00000 - 0x00007fff15cfa000 	C:\Windows\System32\ucrtbase.dll
0x00007fff067e0000 - 0x00007fff06a64000 	C:\Windows\WinSxS\amd64_microsoft.windows.common-controls_6595b64144ccf1df_6.0.18362.836_none_e6c4b943130f18ed\COMCTL32.dll
0x00007fff17a00000 - 0x00007fff17d36000 	C:\Windows\System32\combase.dll
0x00007fff15a70000 - 0x00007fff15af0000 	C:\Windows\System32\bcryptPrimitives.dll
0x00007fff17fc0000 - 0x00007fff17fee000 	C:\Windows\System32\IMM32.DLL
0x0000000065f20000 - 0x0000000065ff2000 	D:\AndroidStudio\jre\jre\bin\msvcr100.dll
0x00000000660e0000 - 0x0000000066926000 	D:\AndroidStudio\jre\jre\bin\server\jvm.dll
0x00007fff17e90000 - 0x00007fff17e98000 	C:\Windows\System32\PSAPI.DLL
0x00007fff06ff0000 - 0x00007fff06ff9000 	C:\Windows\SYSTEM32\WSOCK32.dll
0x00007fff17e20000 - 0x00007fff17e8f000 	C:\Windows\System32\WS2_32.dll
0x00007fff13a40000 - 0x00007fff13a64000 	C:\Windows\SYSTEM32\WINMM.dll
0x00007fff10c70000 - 0x00007fff10c7a000 	C:\Windows\SYSTEM32\VERSION.dll
0x00007fff13910000 - 0x00007fff1393d000 	C:\Windows\SYSTEM32\WINMMBASE.dll
0x00007fff15b10000 - 0x00007fff15b5a000 	C:\Windows\System32\cfgmgr32.dll
0x00007fff054e0000 - 0x00007fff054ef000 	D:\AndroidStudio\jre\jre\bin\verify.dll
0x00007ffef9a20000 - 0x00007ffef9a49000 	D:\AndroidStudio\jre\jre\bin\java.dll
0x00007ffefbde0000 - 0x00007ffefbdf6000 	D:\AndroidStudio\jre\jre\bin\zip.dll
0x00007fff16ea0000 - 0x00007fff17584000 	C:\Windows\System32\SHELL32.dll
0x00007fff17d70000 - 0x00007fff17e19000 	C:\Windows\System32\shcore.dll
0x00007fff15d00000 - 0x00007fff1647e000 	C:\Windows\System32\windows.storage.dll
0x00007fff15a20000 - 0x00007fff15a43000 	C:\Windows\System32\profapi.dll
0x00007fff159d0000 - 0x00007fff15a1a000 	C:\Windows\System32\powrprof.dll
0x00007fff159a0000 - 0x00007fff159b0000 	C:\Windows\System32\UMPDC.dll
0x00007fff186a0000 - 0x00007fff186f2000 	C:\Windows\System32\shlwapi.dll
0x00007fff15a50000 - 0x00007fff15a61000 	C:\Windows\System32\kernel.appcore.dll
0x00007fff15af0000 - 0x00007fff15b07000 	C:\Windows\System32\cryptsp.dll
0x00007ffefaa10000 - 0x00007ffefaa2a000 	D:\AndroidStudio\jre\jre\bin\net.dll
0x00007fff0c6a0000 - 0x00007fff0c876000 	C:\Windows\SYSTEM32\urlmon.dll
0x00007fff0c3f0000 - 0x00007fff0c696000 	C:\Windows\SYSTEM32\iertutil.dll
0x00007fff153e0000 - 0x00007fff153ec000 	C:\Windows\SYSTEM32\CRYPTBASE.DLL
0x00007fff15210000 - 0x00007fff15277000 	C:\Windows\system32\mswsock.dll
0x00007ffef70b0000 - 0x00007ffef70c3000 	D:\AndroidStudio\jre\jre\bin\nio.dll
0x00007ffed6a10000 - 0x00007ffed6a36000 	C:\Users\Bruno\.gradle\native\30\windows-amd64\native-platform.dll
0x00007fff05490000 - 0x00007fff0549d000 	D:\AndroidStudio\jre\jre\bin\management.dll
0x00007fff14d80000 - 0x00007fff14db3000 	C:\Windows\system32\rsaenh.dll
0x00007fff16930000 - 0x00007fff16956000 	C:\Windows\System32\bcrypt.dll
0x00007fff158c0000 - 0x00007fff158e5000 	C:\Windows\SYSTEM32\USERENV.dll
0x00007fff14f20000 - 0x00007fff14f5a000 	C:\Windows\SYSTEM32\IPHLPAPI.DLL
0x00007fff18450000 - 0x00007fff18458000 	C:\Windows\System32\NSI.dll
0x00007fff10810000 - 0x00007fff10826000 	C:\Windows\SYSTEM32\dhcpcsvc6.DLL
0x00007fff106a0000 - 0x00007fff106bc000 	C:\Windows\SYSTEM32\dhcpcsvc.DLL
0x00007fff14f60000 - 0x00007fff1502b000 	C:\Windows\SYSTEM32\DNSAPI.dll

VM Arguments:
jvm_args: -Xmx1536m -Dfile.encoding=windows-1252 -Duser.country=BR -Duser.language=pt -Duser.variant 
java_command: org.gradle.launcher.daemon.bootstrap.GradleDaemon 5.6.4
java_class_path (initial): C:\Users\Bruno\.gradle\wrapper\dists\gradle-5.6.4-all\ankdp27end7byghfw1q2sw75f\gradle-5.6.4\lib\gradle-launcher-5.6.4.jar
Launcher Type: SUN_STANDARD

Environment Variables:
PATH=C:\Program Files (x86)\Common Files\Oracle\Java\javapath;C:\Windows\system32;C:\Windows;C:\Windows\System32\Wbem;C:\Windows\System32\WindowsPowerShell\v1.0\;C:\Windows\System32\OpenSSH\;D:\Git\cmd;C:\Users\Bruno\AppData\Local\Microsoft\WindowsApps;;D:\Microsoft VS Code\bin
USERNAME=Bruno
OS=Windows_NT
PROCESSOR_IDENTIFIER=Intel64 Family 6 Model 158 Stepping 9, GenuineIntel



---------------  S Y S T E M  ---------------

OS: Windows 10.0 , 64 bit Build 18362 (10.0.18362.778)

CPU:total 4 (initial active 4) (4 cores per cpu, 1 threads per core) family 6 model 158 stepping 9, cmov, cx8, fxsr, mmx, sse, sse2, sse3, ssse3, sse4.1, sse4.2, popcnt, avx, avx2, aes, clmul, erms, 3dnowpref, lzcnt, tsc, tscinvbit, bmi1, bmi2, adx

Memory: 4k page, physical 16731524k(572568k free), swap 31309696k(6144k free)

vm_info: OpenJDK 64-Bit Server VM (25.212-b04) for windows-amd64 JRE (1.8.0_212-release-1586-b04), built by "builder" with MS VC++ 10.0 (VS2010)

time: Sat Jun 13 18:11:38 2020
timezone: Hora oficial do Brasil
elapsed time: 14 seconds (0d 0h 0m 14s)

